<?xml version="1.0" encoding="utf-8"?><testsuites name="pytest tests"><testsuite name="pytest" errors="0" failures="0" skipped="0" tests="8" time="0.677" timestamp="2026-06-16T03:21:25.604238+00:00" hostname="agent-env-bc480184-dbc0-4c27-80c8-b6a0d4537989"><testcase classname="tests.test_whatsapp_templates.TestWhatsAppTemplatesAPI" name="test_get_default_shape" time="0.218" /><testcase classname="tests.test_whatsapp_templates.TestWhatsAppTemplatesAPI" name="test_put_invalid_json_returns_400" time="0.043" /><testcase classname="tests.test_whatsapp_templates.TestWhatsAppTemplatesAPI" name="test_put_and_get_roundtrip_preserves_placeholder" time="0.092" /><testcase classname="tests.test_whatsapp_templates.TestPlaceholderSubstitution" name="test_replaces_in_nested_structures" time="0.118" /><testcase classname="tests.test_whatsapp_templates.TestPlaceholderSubstitution" name="test_unknown_placeholder_left_intact" time="0.000" /><testcase classname="tests.test_whatsapp_templates.TestPlaceholderSubstitution" name="test_non_string_values_passthrough" time="0.000" /><testcase classname="tests.test_whatsapp_templates.TestSendAbsentMessageRouting" name="test_custom_template_substituted" time="0.049" /><testcase classname="tests.test_whatsapp_templates.TestSendAbsentMessageRouting" name="test_default_template_when_cleared" time="0.091" /></testsuite></testsuites>