<?xml version="1.0" encoding="utf-8"?><testsuites name="pytest tests"><testsuite name="pytest" errors="0" failures="0" skipped="0" tests="6" time="1.016" timestamp="2026-06-22T05:51:21.644728+00:00" hostname="agent-env-bc480184-dbc0-4c27-80c8-b6a0d4537989"><testcase classname="backend.tests.test_module_perms.TestModulePermsCRUD" name="test_post_role_with_module_perms" time="0.369" /><testcase classname="backend.tests.test_module_perms.TestModulePermsCRUD" name="test_put_role_updates_module_perms" time="0.129" /><testcase classname="backend.tests.test_module_perms.TestModulePermsCRUD" name="test_get_legacy_roles_have_empty_module_perms" time="0.044" /><testcase classname="backend.tests.test_module_perms.TestLoginIncludesModulePerms" name="test_admin_login_includes_module_perms" time="0.044" /><testcase classname="backend.tests.test_module_perms.TestLoginIncludesModulePerms" name="test_teacher_login_includes_empty_module_perms" time="0.088" /><testcase classname="backend.tests.test_module_perms.TestCleanupTestRole" name="test_delete_test_perm_x" time="0.135" /></testsuite></testsuites>