<?xml version="1.0" encoding="utf-8"?><testsuites name="pytest tests"><testsuite name="pytest" errors="0" failures="0" skipped="0" tests="13" time="2.116" timestamp="2026-05-22T03:58:30.468989+00:00" hostname="agent-env-bc480184-dbc0-4c27-80c8-b6a0d4537989"><testcase classname="backend.tests.test_roles.TestSystemRoles" name="test_get_roles_seeds_4_system_roles" time="0.159" /><testcase classname="backend.tests.test_roles.TestSystemRoles" name="test_super_admin_has_14_modules_and_full_perms" time="0.067" /><testcase classname="backend.tests.test_roles.TestSystemRoles" name="test_teacher_role_specific_modules" time="0.067" /><testcase classname="backend.tests.test_roles.TestCustomRoleCRUD" name="test_create_custom_role" time="0.158" /><testcase classname="backend.tests.test_roles.TestCustomRoleCRUD" name="test_create_duplicate_role_rejected" time="0.065" /><testcase classname="backend.tests.test_roles.TestCustomRoleCRUD" name="test_update_custom_role" time="0.203" /><testcase classname="backend.tests.test_roles.TestCustomRoleCRUD" name="test_update_super_admin_rejected" time="0.135" /><testcase classname="backend.tests.test_roles.TestCustomRoleCRUD" name="test_delete_system_role_rejected" time="0.136" /><testcase classname="backend.tests.test_roles.TestCustomRoleCRUD" name="test_delete_role_with_assigned_staff_rejected" time="0.260" /><testcase classname="backend.tests.test_roles.TestCustomRoleCRUD" name="test_delete_custom_role_succeeds_when_unused" time="0.194" /><testcase classname="backend.tests.test_roles.TestLoginRoleDetails" name="test_super_admin_login_returns_role_details" time="0.066" /><testcase classname="backend.tests.test_roles.TestLoginRoleDetails" name="test_teacher_login_returns_role_details" time="0.064" /><testcase classname="backend.tests.test_roles.TestLoginRoleDetails" name="test_custom_role_login_returns_matching_perms" time="0.458" /></testsuite></testsuites>