<?xml version="1.0" encoding="utf-8"?><testsuites name="pytest tests"><testsuite name="pytest" errors="0" failures="0" skipped="0" tests="37" time="4.950" timestamp="2026-05-16T04:03:13.849004+00:00" hostname="agent-env-bc480184-dbc0-4c27-80c8-b6a0d4537989"><testcase classname="backend.tests.backend_test.TestHealth" name="test_login_admin" time="0.175" /><testcase classname="backend.tests.backend_test.TestHealth" name="test_login_invalid" time="0.049" /><testcase classname="backend.tests.backend_test.TestLeaveRequests" name="test_create_leave_request" time="0.106" /><testcase classname="backend.tests.backend_test.TestLeaveRequests" name="test_get_pending_leaves" time="0.046" /><testcase classname="backend.tests.backend_test.TestLeaveRequests" name="test_filter_by_student" time="0.049" /><testcase classname="backend.tests.backend_test.TestLeaveRequests" name="test_approve_leave" time="0.153" /><testcase classname="backend.tests.backend_test.TestLeaveRequests" name="test_reject_leave" time="0.138" /><testcase classname="backend.tests.backend_test.TestLeaveRequests" name="test_approve_nonexistent" time="0.051" /><testcase classname="backend.tests.backend_test.TestBulkConcessions" name="test_bulk_concession_empty" time="0.046" /><testcase classname="backend.tests.backend_test.TestBulkConcessions" name="test_bulk_concession_create" time="0.095" /><testcase classname="backend.tests.backend_test.TestPromoteBulk" name="test_bulk_preview_then_commit" time="0.728" /><testcase classname="backend.tests.backend_test.TestPromoteBulk" name="test_promote_no_students" time="0.047" /><testcase classname="backend.tests.backend_test.TestPromoteBulk" name="test_promote_preview_no_students" time="0.046" /><testcase classname="backend.tests.backend_test.TestPromoteSingle" name="test_single_preview_and_commit_and_history_append" time="0.730" /><testcase classname="backend.tests.backend_test.TestPromoteSingle" name="test_single_promote_404" time="0.093" /><testcase classname="backend.tests.backend_test.TestSendReminders" name="test_send_reminders_endpoint" time="0.358" /><testcase classname="backend.tests.backend_test.TestRegression" name="test_students_list" time="0.047" /><testcase classname="backend.tests.backend_test.TestRegression" name="test_fee_types_list" time="0.045" /><testcase classname="backend.tests.backend_test.TestRegression" name="test_attendance_get" time="0.046" /><testcase classname="backend.tests.backend_test.TestRegression" name="test_homework_list" time="0.047" /><testcase classname="backend.tests.backend_test.TestRegression" name="test_expenses_list" time="0.046" /><testcase classname="backend.tests.backend_test.TestRegression" name="test_concessions_list" time="0.045" /><testcase classname="backend.tests.backend_test.TestRegression" name="test_staff_list" time="0.046" /><testcase classname="backend.tests.test_marks.TestSampleCSV" name="test_sample_csv_download_with_correct_header_and_rows" time="0.266" /><testcase classname="backend.tests.test_marks.TestSampleCSV" name="test_sample_csv_404_for_unknown_class" time="0.047" /><testcase classname="backend.tests.test_marks.TestMarksBulk" name="test_bulk_create_and_persistence" time="0.105" /><testcase classname="backend.tests.test_marks.TestMarksBulk" name="test_bulk_create_second_subject" time="0.051" /><testcase classname="backend.tests.test_marks.TestMarksBulk" name="test_bulk_upsert_replaces_existing" time="0.099" /><testcase classname="backend.tests.test_marks.TestMarksBulk" name="test_bulk_empty_rows_400" time="0.045" /><testcase classname="backend.tests.test_marks.TestMarksListing" name="test_list_filter_by_class_section" time="0.052" /><testcase classname="backend.tests.test_marks.TestMarksListing" name="test_list_filter_by_student_id" time="0.047" /><testcase classname="backend.tests.test_marks.TestMarksListing" name="test_distinct_includes_uploaded_values" time="0.046" /><testcase classname="backend.tests.test_marks.TestMarksStats" name="test_stats_overall_structure" time="0.049" /><testcase classname="backend.tests.test_marks.TestMarksStats" name="test_stats_compare_two_exams" time="0.299" /><testcase classname="backend.tests.test_marks.TestMarksStats" name="test_stats_no_compare_returns_none" time="0.050" /><testcase classname="backend.tests.test_marks.TestParentDashboardMarks" name="test_parent_dashboard_includes_marks" time="0.052" /><testcase classname="backend.tests.test_marks.TestParentDashboardMarks" name="test_parent_dashboard_using_existing_ali" time="0.384" /></testsuite></testsuites>