<?xml version="1.0" encoding="utf-8"?><testsuites name="pytest tests"><testsuite name="pytest" errors="0" failures="0" skipped="0" tests="14" time="1.404" timestamp="2026-05-16T04:03:08.378308+00:00" hostname="agent-env-bc480184-dbc0-4c27-80c8-b6a0d4537989"><testcase classname="backend.tests.test_marks.TestSampleCSV" name="test_sample_csv_download_with_correct_header_and_rows" time="0.297" /><testcase classname="backend.tests.test_marks.TestSampleCSV" name="test_sample_csv_404_for_unknown_class" time="0.047" /><testcase classname="backend.tests.test_marks.TestMarksBulk" name="test_bulk_create_and_persistence" time="0.104" /><testcase classname="backend.tests.test_marks.TestMarksBulk" name="test_bulk_create_second_subject" time="0.050" /><testcase classname="backend.tests.test_marks.TestMarksBulk" name="test_bulk_upsert_replaces_existing" time="0.098" /><testcase classname="backend.tests.test_marks.TestMarksBulk" name="test_bulk_empty_rows_400" time="0.045" /><testcase classname="backend.tests.test_marks.TestMarksListing" name="test_list_filter_by_class_section" time="0.049" /><testcase classname="backend.tests.test_marks.TestMarksListing" name="test_list_filter_by_student_id" time="0.050" /><testcase classname="backend.tests.test_marks.TestMarksListing" name="test_distinct_includes_uploaded_values" time="0.046" /><testcase classname="backend.tests.test_marks.TestMarksStats" name="test_stats_overall_structure" time="0.047" /><testcase classname="backend.tests.test_marks.TestMarksStats" name="test_stats_compare_two_exams" time="0.047" /><testcase classname="backend.tests.test_marks.TestMarksStats" name="test_stats_no_compare_returns_none" time="0.048" /><testcase classname="backend.tests.test_marks.TestParentDashboardMarks" name="test_parent_dashboard_includes_marks" time="0.057" /><testcase classname="backend.tests.test_marks.TestParentDashboardMarks" name="test_parent_dashboard_using_existing_ali" time="0.319" /></testsuite></testsuites>